
GET /api/user 1651619880553
GET /api/user/:wer 1651619908138
GET /api/user/:wer 1651619912143
GET /api/user/:asd 1651619932708
GET /api/user/:asd 1651620038149
GET /api/user/:asd 1651620042021
GET /api/user/:asd 1651620164398
GET /api/user/:asd 1651620240033
GET /api/user/:asd 1651620354055
GET /api/user/:asd 1651620433074
POST /api/user 1651621058166
GET /api/user 1651622046815
GET /api/user 1651622080105
GET /api/user 1651622095872
GET /api/user 1651622129602
GET /api/user 1651622150309
POST /api/user 1651955621425
POST /api/user 1651955728584
POST /api/user 1651955818210
POST /api/user 1651955921836
POST /api/user 1651955934921
POST /api/user 1651955966995
POST /api/user 1651956264134
POST /api/user 1651956300049
POST /api/user 1651956360123
POST /api/user 1651956398310
POST /api/user 1651956429850
POST /api/user 1651956441583
POST /api/user 1651956471522
POST /api/user 1651956537140
POST /api/user 1651956642607
POST /api/user 1651956747629
POST /api/user 1651956789000
POST /api/user 1651956981787
POST /api/user 1651957080113
POST /api/user 1651957175650
POST /api/user 1651957191759
POST /api/user 1651957242845
POST /api/user 1651957275098
POST /api/user 1651957349397
POST /api/user 1651957450386
POST /api/user 1651957510621
GET /api/user 1651957638069
GET /api/user 1651957723583
GET /api/user 1651957726285
GET /api/user 1651957812954
GET /api/user 1651957857372
GET /api/user 1651957875530
GET /api/user 1651957905674
GET /api/user 1651957913417
GET /api/user 1651957925355
POST /api/user 1651958044160
POST /api/user 1651958318918
POST /api/user 1651958454384
POST /api/user 1651958592736
POST /api/user 1651958670775
POST /api/user 1651958730675
POST /api/user 1651958792223
POST /api/user 1651959066917
POST /api/user 1651959160724
POST /api/user 1651959377558
POST /api/user 1651960028664
POST /api/user 1651960044009
POST /api/user 1651960106624
POST /api/user 1651960491639
POST /api/user 1651960532352
GET /api/user 1651960621574
GET /api/user 1651960664676
POST /api/user 1651960702523
POST /api/user 1651960772420
POST /api/user 1651960887379
POST /api/user 1652010778910
POST /api/user 1652010893196
POST /api/user 1652010936963
POST /api/user 1652011034062
POST /api/user 1652011134516
POST /api/user 1652011258868
POST /api/user 1652011304337
POST /api/user 1652011325332
POST /api/user 1652011446245
POST /api/user 1652011621446
PATCH /api/user/update 1652012619181
PATCH /api/user/update 1652012796295
PATCH /api/user/update 1652013542907
PATCH /api/user/update 1652013595658
PATCH /api/user/update 1652013647607
PATCH /api/user/update 1652013776293
PATCH /api/user/update 1652013935314
PATCH /api/user/update 1652014032920
PATCH /api/user/update 1652014199158
PATCH /api/user/update 1652014277981
PATCH /api/user/update 1652014372209
PATCH /api/user/update 1652014465781
PATCH /api/user/update 1652014501943
PATCH /api/user/update 1652014603307
PATCH /api/user/update 1652014632462
PATCH /api/user/update 1652015173419
DELETE /api/user/delete 1652015995604
DELETE /api/user/delete 1652016439871
DELETE /api/user/delete 1652016464472
DELETE /api/user/delete 1652016561703
DELETE /api/user/delete 1652027460701
DELETE /api/user/delete 1652027487244
DELETE /api/user/delete 1652027734477